{"numTotalTestSuites":15,"numPassedTestSuites":15,"numFailedTestSuites":0,"numPendingTestSuites":0,"numTotalTests":24,"numPassedTests":24,"numFailedTests":0,"numPendingTests":0,"numTodoTests":0,"snapshot":{"added":0,"failure":false,"filesAdded":0,"filesRemoved":0,"filesRemovedList":[],"filesUnmatched":0,"filesUpdated":0,"matched":0,"total":0,"unchecked":0,"uncheckedKeysByFile":[],"unmatched":0,"updated":0,"didUpdate":false},"startTime":1774235195602,"success":true,"testResults":[{"assertionResults":[{"ancestorTitles":["calculations.js Utilities","calculateTotalAssets"],"fullName":"calculations.js Utilities calculateTotalAssets should correctly calculate total assets with valid data","status":"passed","title":"should correctly calculate total assets with valid data","duration":3.1174000000000888,"failureMessages":[],"meta":{},"tags":[]},{"ancestorTitles":["calculations.js Utilities","calculateTotalAssets"],"fullName":"calculations.js Utilities calculateTotalAssets should return 0 when items array is empty","status":"passed","title":"should return 0 when items array is empty","duration":0.31690000000025975,"failureMessages":[],"meta":{},"tags":[]},{"ancestorTitles":["calculations.js Utilities","calculateTotalAssets"],"fullName":"calculations.js Utilities calculateTotalAssets should handle undefined or null items safely","status":"passed","title":"should handle undefined or null items safely","duration":0.2298000000000684,"failureMessages":[],"meta":{},"tags":[]},{"ancestorTitles":["calculations.js Utilities","calculateTotalAssets"],"fullName":"calculations.js Utilities calculateTotalAssets should treat missing properties as 0","status":"passed","title":"should treat missing properties as 0","duration":0.2899999999999636,"failureMessages":[],"meta":{},"tags":[]},{"ancestorTitles":["calculations.js Utilities","formatCurrency"],"fullName":"calculations.js Utilities formatCurrency should correctly format a positive number","status":"passed","title":"should correctly format a positive number","duration":28.29930000000013,"failureMessages":[],"meta":{},"tags":[]},{"ancestorTitles":["calculations.js Utilities","formatCurrency"],"fullName":"calculations.js Utilities formatCurrency should return 0.00 formatted string for 0","status":"passed","title":"should return 0.00 formatted string for 0","duration":1.512000000000171,"failureMessages":[],"meta":{},"tags":[]},{"ancestorTitles":["calculations.js Utilities","formatCurrency"],"fullName":"calculations.js Utilities formatCurrency should handle null or undefined safely","status":"passed","title":"should handle null or undefined safely","duration":1.6014000000000124,"failureMessages":[],"meta":{},"tags":[]},{"ancestorTitles":["calculations.js Utilities","formatDateTime"],"fullName":"calculations.js Utilities formatDateTime should correctly format a valid ISO date string","status":"passed","title":"should correctly format a valid ISO date string","duration":9.285199999999804,"failureMessages":[],"meta":{},"tags":[]},{"ancestorTitles":["calculations.js Utilities","formatDateTime"],"fullName":"calculations.js Utilities formatDateTime should handle invalid date string","status":"passed","title":"should handle invalid date string","duration":0.5450000000000728,"failureMessages":[],"meta":{},"tags":[]},{"ancestorTitles":["calculations.js Utilities","formatDateTime"],"fullName":"calculations.js Utilities formatDateTime should return N/A for null or undefined","status":"passed","title":"should return N/A for null or undefined","duration":0.4897000000000844,"failureMessages":[],"meta":{},"tags":[]},{"ancestorTitles":["calculations.js Utilities","getCurrentTimestamp"],"fullName":"calculations.js Utilities getCurrentTimestamp should return a valid ISO string representing current time","status":"passed","title":"should return a valid ISO string representing current time","duration":0.7456999999999425,"failureMessages":[],"meta":{},"tags":[]}],"startTime":1774235197861,"endTime":1774235197908.7456,"status":"passed","message":"","name":"E:/Projects/SE_Prjct/Software engineering/GitHub repo/Agency System - SP_THENNAKOON/src/tests/calculations.test.js"},{"assertionResults":[{"ancestorTitles":["ConfirmationDialog Component"],"fullName":"ConfirmationDialog Component should render the dialog with correct title and message","status":"passed","title":"should render the dialog with correct title and message","duration":177.81860000000006,"failureMessages":[],"meta":{},"tags":[]},{"ancestorTitles":["ConfirmationDialog Component"],"fullName":"ConfirmationDialog Component should call onConfirm when confirm button is clicked","status":"passed","title":"should call onConfirm when confirm button is clicked","duration":28.136599999999817,"failureMessages":[],"meta":{},"tags":[]},{"ancestorTitles":["ConfirmationDialog Component"],"fullName":"ConfirmationDialog Component should call onCancel when cancel button is clicked","status":"passed","title":"should call onCancel when cancel button is clicked","duration":19.497699999999895,"failureMessages":[],"meta":{},"tags":[]},{"ancestorTitles":["ConfirmationDialog Component"],"fullName":"ConfirmationDialog Component should use custom confirm and cancel text when provided","status":"passed","title":"should use custom confirm and cancel text when provided","duration":21.0295000000001,"failureMessages":[],"meta":{},"tags":[]}],"startTime":1774235198138,"endTime":1774235198384.0295,"status":"passed","message":"","name":"E:/Projects/SE_Prjct/Software engineering/GitHub repo/Agency System - SP_THENNAKOON/src/tests/ConfirmationDialog.test.jsx"},{"assertionResults":[{"ancestorTitles":["CyberBackground Component"],"fullName":"CyberBackground Component should render the canvas element without crashing","status":"passed","title":"should render the canvas element without crashing","duration":58.01120000000037,"failureMessages":[],"meta":{},"tags":[]}],"startTime":1774235198057,"endTime":1774235198115.0112,"status":"passed","message":"","name":"E:/Projects/SE_Prjct/Software engineering/GitHub repo/Agency System - SP_THENNAKOON/src/tests/CyberBackground.test.jsx"},{"assertionResults":[{"ancestorTitles":["ReportGenerator","generateMonthlyReport"],"fullName":"ReportGenerator generateMonthlyReport should generate a report and call API to save it","status":"passed","title":"should generate a report and call API to save it","duration":48.57179999999971,"failureMessages":[],"meta":{},"tags":[]},{"ancestorTitles":["ReportGenerator","generateMonthlyReport"],"fullName":"ReportGenerator generateMonthlyReport should handle API failure gracefully","status":"passed","title":"should handle API failure gracefully","duration":2.248500000000149,"failureMessages":[],"meta":{},"tags":[]},{"ancestorTitles":["ReportGenerator","generateMonthlyReport"],"fullName":"ReportGenerator generateMonthlyReport should handle thrown errors gracefully","status":"passed","title":"should handle thrown errors gracefully","duration":1.6613000000002103,"failureMessages":[],"meta":{},"tags":[]}],"startTime":1774235197882,"endTime":1774235197934.6614,"status":"passed","message":"","name":"E:/Projects/SE_Prjct/Software engineering/GitHub repo/Agency System - SP_THENNAKOON/src/tests/ReportGenerator.test.js"},{"assertionResults":[{"ancestorTitles":["RouteCard Component"],"fullName":"RouteCard Component should render the route name","status":"passed","title":"should render the route name","duration":134.8657000000003,"failureMessages":[],"meta":{},"tags":[]},{"ancestorTitles":["RouteCard Component"],"fullName":"RouteCard Component should call onDeleteRoute when delete button is clicked","status":"passed","title":"should call onDeleteRoute when delete button is clicked","duration":33.614300000000185,"failureMessages":[],"meta":{},"tags":[]},{"ancestorTitles":["RouteCard Component"],"fullName":"RouteCard Component should open edit input when edit button is clicked","status":"passed","title":"should open edit input when edit button is clicked","duration":38.20440000000008,"failureMessages":[],"meta":{},"tags":[]},{"ancestorTitles":["RouteCard Component"],"fullName":"RouteCard Component should call onRenameRoute when a new name is submitted","status":"passed","title":"should call onRenameRoute when a new name is submitted","duration":38.035499999999956,"failureMessages":[],"meta":{},"tags":[]},{"ancestorTitles":["RouteCard Component"],"fullName":"RouteCard Component should reveal invoices with remaining balances when expanded","status":"passed","title":"should reveal invoices with remaining balances when expanded","duration":37.440000000000055,"failureMessages":[],"meta":{},"tags":[]}],"startTime":1774235198127,"endTime":1774235198409.44,"status":"passed","message":"","name":"E:/Projects/SE_Prjct/Software engineering/GitHub repo/Agency System - SP_THENNAKOON/src/tests/RouteCard.test.jsx"}]}
